<html>
<body>
<pre>
<h1>Vision Build Log</h1>
<h2>Tool Versions:</h2>
IDE-Version: μVision V5.21.1.0
Copyright (C) 2016 ARM Ltd and ARM Germany GmbH. All rights reserved.
License Information: keil uvision, ustc, LIC=58574-FNXEY-VDNKA-10597-7UGXB-7G4E9
 
Tool Versions:
Toolchain:       MDK-ARM Plus  Version: 5.21a
Toolchain Path:  D:\Program Files (x86)\MDK5.20\ARM\ARMCC\Bin
C Compiler:      Armcc.exe V5.06 update 3 (build 300)
Assembler:       Armasm.exe V5.06 update 3 (build 300)
Linker/Locator:  ArmLink.exe V5.06 update 3 (build 300)
Library Manager: ArmAr.exe V5.06 update 3 (build 300)
Hex Converter:   FromElf.exe V5.06 update 3 (build 300)
CPU DLL:         SARMCM3.DLL V5.21a
Dialog DLL:      DCM.DLL V1.13.8.0
Target DLL:      UL2CM3.DLL V1.158.5.0
Dialog DLL:      TCM.DLL V1.14.14.0
 
<h2>Project:</h2>
F:\github_repository\Microcomputer-Principle-and-System_experiment\实验2 基于C的Project\sample_c.uvprojx
Project File Date:  08/12/2020

<h2>Output:</h2>
*** Using Compiler 'V5.06 update 3 (build 300)', folder: 'D:\Program Files (x86)\MDK5.20\ARM\ARMCC\Bin'
Rebuild target 'Target 1'
assembling startup_ARMCM3.s...
assembling ustc_sample_c_asm.s...
ustc_sample_c_asm.s(18): warning: A1608W: MOV pc,<rn> instruction used, but BX <rn> is preferred
compiling ustc_sample_c_c.c...
ustc_sample_c_c.c(26): error:  #268: declaration may not appear after executable statement in block
  	char * srcstr = "0123456" ;
ustc_sample_c_c.c(27): error:  #268: declaration may not appear after executable statement in block
  	char  dststr [ ] = "abcdefg" ;
ustc_sample_c_c.c(45): error:  #268: declaration may not appear after executable statement in block
  	unsigned int uiTmp = 0;
ustc_sample_c_c.c(45): warning:  #550-D: variable "uiTmp" was set but never used
  	unsigned int uiTmp = 0;
ustc_sample_c_c.c: 1 warning, 3 errors
compiling system_ARMCM3.c...
".\Objects\sample_c.axf" - 3 Error(s), 2 Warning(s).

<h2>Software Packages used:</h2>

Package Vendor: ARM
                http://www.keil.com/pack/ARM.CMSIS.4.5.0.pack
                ARM::CMSIS:CORE:4.3.0
                CMSIS (Cortex Microcontroller Software Interface Standard)
   * Component: CORE Version: 4.3.0
   * Component: Startup Version: 1.0.1

<h2>Collection of Component include folders:</h2>
  F:\github_repository\Microcomputer-Principle-and-System_experiment\实验2 基于C的Project\RTE
  D:\Program Files (x86)\MDK5.20\ARM\CMSIS\4.5.0\CMSIS\Include
  D:\Program Files (x86)\MDK5.20\ARM\CMSIS\4.5.0\Device\ARM\ARMCM3\Include

<h2>Collection of Component Files used:</h2>

   * Component: ARM::CMSIS:CORE:4.3.0

   * Component: ARM::Device:Startup:1.0.1
      Include file:  Device\ARM\ARMCM3\Include\ARMCM3.h
      Source file:   Device\ARM\ARMCM3\Source\ARM\startup_ARMCM3.s
      Source file:   Device\ARM\ARMCM3\Source\system_ARMCM3.c
Target not created.
Build Time Elapsed:  00:00:01
</pre>
</body>
</html>
